c:\users\andre\documents\an3_sem1\gac2\proiect\proiectpgtank\proiectpgtank\x64\release\vc143.pdb
c:\users\andre\documents\an3_sem1\gac2\proiect\proiectpgtank\proiectpgtank\x64\release\window.obj
c:\users\andre\documents\an3_sem1\gac2\proiect\proiectpgtank\proiectpgtank\x64\release\tiny_obj_loader.obj
c:\users\andre\documents\an3_sem1\gac2\proiect\proiectpgtank\proiectpgtank\x64\release\stb_image.obj
c:\users\andre\documents\an3_sem1\gac2\proiect\proiectpgtank\proiectpgtank\x64\release\shader.obj
c:\users\andre\documents\an3_sem1\gac2\proiect\proiectpgtank\proiectpgtank\x64\release\model3d.obj
c:\users\andre\documents\an3_sem1\gac2\proiect\proiectpgtank\proiectpgtank\x64\release\mesh.obj
c:\users\andre\documents\an3_sem1\gac2\proiect\proiectpgtank\proiectpgtank\x64\release\main.obj
c:\users\andre\documents\an3_sem1\gac2\proiect\proiectpgtank\proiectpgtank\x64\release\camera.obj
c:\users\andre\documents\an3_sem1\gac2\proiect\proiectpgtank\proiectpgtank\x64\release\skybox.obj
c:\users\andre\documents\an3_sem1\gac2\proiect\proiectpgtank\x64\release\proiectpgtank.exe
c:\users\andre\documents\an3_sem1\gac2\proiect\proiectpgtank\proiectpgtank\x64\release\proiectpgtank.ipdb
c:\users\andre\documents\an3_sem1\gac2\proiect\proiectpgtank\x64\release\proiectpgtank.pdb
c:\users\andre\documents\an3_sem1\gac2\proiect\proiectpgtank\proiectpgtank\x64\release\proiectpgtank.iobj
c:\users\andre\documents\an3_sem1\gac2\proiect\proiectpgtank\proiectpgtank\x64\release\proiectpgtank.tlog\cl.command.1.tlog
c:\users\andre\documents\an3_sem1\gac2\proiect\proiectpgtank\proiectpgtank\x64\release\proiectpgtank.tlog\cl.read.1.tlog
c:\users\andre\documents\an3_sem1\gac2\proiect\proiectpgtank\proiectpgtank\x64\release\proiectpgtank.tlog\cl.write.1.tlog
c:\users\andre\documents\an3_sem1\gac2\proiect\proiectpgtank\proiectpgtank\x64\release\proiectpgtank.tlog\link.command.1.tlog
c:\users\andre\documents\an3_sem1\gac2\proiect\proiectpgtank\proiectpgtank\x64\release\proiectpgtank.tlog\link.read.1.tlog
c:\users\andre\documents\an3_sem1\gac2\proiect\proiectpgtank\proiectpgtank\x64\release\proiectpgtank.tlog\link.write.1.tlog
