c:\users\andre\documents\an3_sem1\gac2\proiect\proiectpgtank\proiectpgtank\x64\debug\vc143.pdb
c:\users\andre\documents\an3_sem1\gac2\proiect\proiectpgtank\proiectpgtank\x64\debug\vc143.idb
c:\users\andre\documents\an3_sem1\gac2\proiect\proiectpgtank\proiectpgtank\x64\debug\window.obj
c:\users\andre\documents\an3_sem1\gac2\proiect\proiectpgtank\proiectpgtank\x64\debug\tiny_obj_loader.obj
c:\users\andre\documents\an3_sem1\gac2\proiect\proiectpgtank\proiectpgtank\x64\debug\stb_image.obj
c:\users\andre\documents\an3_sem1\gac2\proiect\proiectpgtank\proiectpgtank\x64\debug\skybox.obj
c:\users\andre\documents\an3_sem1\gac2\proiect\proiectpgtank\proiectpgtank\x64\debug\shader.obj
c:\users\andre\documents\an3_sem1\gac2\proiect\proiectpgtank\proiectpgtank\x64\debug\model3d.obj
c:\users\andre\documents\an3_sem1\gac2\proiect\proiectpgtank\proiectpgtank\x64\debug\mesh.obj
c:\users\andre\documents\an3_sem1\gac2\proiect\proiectpgtank\proiectpgtank\x64\debug\main.obj
c:\users\andre\documents\an3_sem1\gac2\proiect\proiectpgtank\proiectpgtank\x64\debug\camera.obj
c:\users\andre\documents\an3_sem1\gac2\proiect\proiectpgtank\x64\debug\proiectpgtank.exe
c:\users\andre\documents\an3_sem1\gac2\proiect\proiectpgtank\proiectpgtank\x64\debug\proiectpgtank.ilk
c:\users\andre\documents\an3_sem1\gac2\proiect\proiectpgtank\x64\debug\proiectpgtank.pdb
c:\users\andre\documents\an3_sem1\gac2\proiect\proiectpgtank\proiectpgtank\x64\debug\proiectpgtank.tlog\cl.command.1.tlog
c:\users\andre\documents\an3_sem1\gac2\proiect\proiectpgtank\proiectpgtank\x64\debug\proiectpgtank.tlog\cl.read.1.tlog
c:\users\andre\documents\an3_sem1\gac2\proiect\proiectpgtank\proiectpgtank\x64\debug\proiectpgtank.tlog\cl.write.1.tlog
c:\users\andre\documents\an3_sem1\gac2\proiect\proiectpgtank\proiectpgtank\x64\debug\proiectpgtank.tlog\link.command.1.tlog
c:\users\andre\documents\an3_sem1\gac2\proiect\proiectpgtank\proiectpgtank\x64\debug\proiectpgtank.tlog\link.read.1.tlog
c:\users\andre\documents\an3_sem1\gac2\proiect\proiectpgtank\proiectpgtank\x64\debug\proiectpgtank.tlog\link.write.1.tlog
